-------------------------------------------------------------------------------
Test set: edu.coursera.distributed.MpiJavaTest
-------------------------------------------------------------------------------
Tests run: 5, Failures: 5, Errors: 0, Skipped: 0, Time elapsed: 13.018 sec <<< FAILURE! - in edu.coursera.distributed.MpiJavaTest
testMatrixMultiplyRectangular1Small(edu.coursera.distributed.MpiJavaTest)  Time elapsed: 1.559 sec  <<< FAILURE!
junit.framework.AssertionFailedError: Expected a speedup of at least 12.0, but saw 1.58983666061706
	at junit.framework.Assert.fail(Assert.java:57)
	at junit.framework.Assert.assertTrue(Assert.java:22)
	at junit.framework.TestCase.assertTrue(TestCase.java:192)
	at edu.coursera.distributed.MpiJavaTest.testDriver(MpiJavaTest.java:135)
	at edu.coursera.distributed.MpiJavaTest.testMatrixMultiplyRectangular1Small(MpiJavaTest.java:148)

testMatrixMultiplyRectangular2Small(edu.coursera.distributed.MpiJavaTest)  Time elapsed: 1.533 sec  <<< FAILURE!
junit.framework.AssertionFailedError: Expected a speedup of at least 12.0, but saw 1.6257088846880907
	at junit.framework.Assert.fail(Assert.java:57)
	at junit.framework.Assert.assertTrue(Assert.java:22)
	at junit.framework.TestCase.assertTrue(TestCase.java:192)
	at edu.coursera.distributed.MpiJavaTest.testDriver(MpiJavaTest.java:135)
	at edu.coursera.distributed.MpiJavaTest.testMatrixMultiplyRectangular2Small(MpiJavaTest.java:152)

testMatrixMultiplyRectangularLarge(edu.coursera.distributed.MpiJavaTest)  Time elapsed: 5.102 sec  <<< FAILURE!
junit.framework.AssertionFailedError: Expected a speedup of at least 12.0, but saw 1.0132669983416251
	at junit.framework.Assert.fail(Assert.java:57)
	at junit.framework.Assert.assertTrue(Assert.java:22)
	at junit.framework.TestCase.assertTrue(TestCase.java:192)
	at edu.coursera.distributed.MpiJavaTest.testDriver(MpiJavaTest.java:135)
	at edu.coursera.distributed.MpiJavaTest.testMatrixMultiplyRectangularLarge(MpiJavaTest.java:156)

testMatrixMultiplySquareLarge(edu.coursera.distributed.MpiJavaTest)  Time elapsed: 3.339 sec  <<< FAILURE!
junit.framework.AssertionFailedError: Expected a speedup of at least 12.0, but saw 1.062254259501966
	at junit.framework.Assert.fail(Assert.java:57)
	at junit.framework.Assert.assertTrue(Assert.java:22)
	at junit.framework.TestCase.assertTrue(TestCase.java:192)
	at edu.coursera.distributed.MpiJavaTest.testDriver(MpiJavaTest.java:135)
	at edu.coursera.distributed.MpiJavaTest.testMatrixMultiplySquareLarge(MpiJavaTest.java:144)

testMatrixMultiplySquareSmall(edu.coursera.distributed.MpiJavaTest)  Time elapsed: 0.984 sec  <<< FAILURE!
junit.framework.AssertionFailedError: Expected a speedup of at least 12.0, but saw 1.0066964285714286
	at junit.framework.Assert.fail(Assert.java:57)
	at junit.framework.Assert.assertTrue(Assert.java:22)
	at junit.framework.TestCase.assertTrue(TestCase.java:192)
	at edu.coursera.distributed.MpiJavaTest.testDriver(MpiJavaTest.java:135)
	at edu.coursera.distributed.MpiJavaTest.testMatrixMultiplySquareSmall(MpiJavaTest.java:140)

